{"/home/christian/Dropbox/Proyectos/react-course/x.4-testing/src/App.jsx": {"path":"/home/christian/Dropbox/Proyectos/react-course/x.4-testing/src/App.jsx","statementMap":{"0":{"start":{"line":1,"column":0},"end":{"line":1,"column":25}},"1":{"start":{"line":1,"column":25},"end":{"line":1,"column":null}},"2":{"start":{"line":2,"column":17},"end":{"line":2,"column":null}},"3":{"start":{"line":3,"column":7},"end":{"line":3,"column":null}},"4":{"start":{"line":6,"column":28},"end":{"line":6,"column":null}},"5":{"start":{"line":8,"column":2},"end":{"line":41,"column":null}},"6":{"start":{"line":14,"column":47},"end":{"line":14,"column":79}},"7":{"start":{"line":14,"column":67},"end":{"line":14,"column":76}},"8":{"start":{"line":45,"column":15},"end":{"line":45,"column":null}}},"fnMap":{"0":{"name":"(anonymous_5)","decl":{"start":{"line":1,"column":0},"end":{"line":1,"column":25}},"loc":{"start":{"line":1,"column":0},"end":{"line":1,"column":25}}},"1":{"name":"App","decl":{"start":{"line":5,"column":0},"end":{"line":5,"column":15}},"loc":{"start":{"line":5,"column":15},"end":{"line":43,"column":null}}},"2":{"name":"(anonymous_7)","decl":{"start":{"line":14,"column":41},"end":{"line":14,"column":47}},"loc":{"start":{"line":14,"column":47},"end":{"line":14,"column":79}}},"3":{"name":"(anonymous_8)","decl":{"start":{"line":14,"column":56},"end":{"line":14,"column":57}},"loc":{"start":{"line":14,"column":67},"end":{"line":14,"column":76}}}},"branchMap":{},"s":{"0":4,"1":1,"2":1,"3":1,"4":2,"5":2,"6":1,"7":1,"8":1},"f":{"0":1,"1":2,"2":1,"3":1},"b":{}}
}
